<?xml version="1.0" encoding="UTF-8"?>
<!-- Generated by org.testng.reporters.JUnitXMLReporter -->
<testsuite ignored="0" hostname="DESKTOP-2HCI6RG" failures="0" tests="3" name="FreeListingPageTest" time="68.649" errors="0" timestamp="2023-07-22T12:08:22 IST">
  <testcase classname="com.cognizant.hackathon.test.FreeListingPageTest" name="CloseLoginPopUp" time="5.165"/>
  <testcase classname="com.cognizant.hackathon.test.FreeListingPageTest" name="NavigatingToFreeListingPage" time="1.763"/>
  <testcase classname="com.cognizant.hackathon.test.FreeListingPageTest" name="FillingFreeListingFormWithPhoneNumberFieldInvalid" time="20.113"/>
</testsuite> <!-- FreeListingPageTest -->
