<?xml version="1.0" encoding="UTF-8"?>
<!-- Generated by org.testng.reporters.JUnitXMLReporter -->
<testsuite ignored="0" hostname="DESKTOP-2HCI6RG" failures="0" tests="3" name="GymPageTest" time="58.91" errors="0" timestamp="2023-07-22T12:07:13 IST">
  <testcase classname="com.cognizant.hackathon.test.JustDialGymPageTest" name="CloseLoginPopUp" time="10.288"/>
  <testcase classname="com.cognizant.hackathon.test.JustDialGymPageTest" name="SelectingGymOptionInMainPage" time="0.227"/>
  <testcase classname="com.cognizant.hackathon.test.JustDialGymPageTest" name="GettingTheSubMenuItemsListOfGym" time="0.866"/>
</testsuite> <!-- GymPageTest -->
