<?xml version="1.0" encoding="UTF-8"?>
<!-- Generated by org.testng.reporters.JUnitXMLReporter -->
<testsuite ignored="0" hostname="DESKTOP-2HCI6RG" failures="0" tests="6" name="HomePageCarWashServicesTest" time="110.023" errors="0" timestamp="2023-07-22T12:10:12 IST">
  <testcase classname="com.cognizant.hackathon.test.JustDialHomePageTest" name="CloseLoginPopUp" time="20.53"/>
  <testcase classname="com.cognizant.hackathon.test.JustDialHomePageTest" name="SettingSearchLocationAsKolkata" time="2.387"/>
  <testcase classname="com.cognizant.hackathon.test.JustDialHomePageTest" name="SearchingForCarWashingServices" time="0.27"/>
  <testcase classname="com.cognizant.hackathon.test.JustDialHomePageTest" name="SortingSearchResultByRatingDescending" time="10.251"/>
  <testcase classname="com.cognizant.hackathon.test.JustDialHomePageTest" name="PrintingNamesAndPhoneNumbersOfTopFiveResult" time="27.512"/>
  <testcase classname="com.cognizant.hackathon.test.JustDialHomePageTest" name="NavigateBackToHomePage" time="6.198"/>
</testsuite> <!-- HomePageCarWashServicesTest -->
