<?xml version="1.0" encoding="UTF-8"?>
<!-- Generated by org.testng.reporters.JUnitXMLReporter -->
<testsuite ignored="0" hostname="DESKTOP-2HCI6RG" failures="0" tests="6" name="HomePageTest" time="76.737" errors="0" timestamp="2023-07-09T20:44:45 IST">
  <testcase classname="com.cognizant.hackathon.test.JustDialHomePageTest" name="CloseLoginPopUp" time="6.232"/>
  <testcase classname="com.cognizant.hackathon.test.JustDialHomePageTest" name="SettingSearchLocationAsKolkata" time="2.393"/>
  <testcase classname="com.cognizant.hackathon.test.JustDialHomePageTest" name="SearchingForCarWashingServices" time="0.332"/>
  <testcase classname="com.cognizant.hackathon.test.JustDialHomePageTest" name="SortingSearchResultByRatingDescending" time="10.166"/>
  <testcase classname="com.cognizant.hackathon.test.JustDialHomePageTest" name="PrintingNamesAndPhoneNumbersOfTopFiveResult" time="25.415"/>
  <testcase classname="com.cognizant.hackathon.test.JustDialHomePageTest" name="NavigateBackToHomePage" time="6.217"/>
</testsuite> <!-- HomePageTest -->
