<?xml version="1.0" encoding="UTF-8"?>
<!-- Generated by org.testng.reporters.JUnitXMLReporter -->
<testsuite ignored="0" hostname="DESKTOP-2HCI6RG" failures="0" tests="3" name="Default test" time="89.272" errors="0" timestamp="2023-07-09T20:40:43 IST">
  <testcase classname="com.cognizant.hackathon.test.FreeListingPageTest" name="CloseLoginPopUp" time="10.052"/>
  <testcase classname="com.cognizant.hackathon.test.FreeListingPageTest" name="NavigatingToFreeListingPage" time="2.01"/>
  <testcase classname="com.cognizant.hackathon.test.FreeListingPageTest" name="FillingFreeListingFormWithPhoneNumberFieldInvalid" time="20.241"/>
</testsuite> <!-- Default test -->
