<?xml version="1.0" encoding="UTF-8"?>
<!-- Generated by org.testng.reporters.JUnitXMLReporter -->
<testsuite ignored="0" hostname="DESKTOP-2HCI6RG" failures="0" tests="12" name="Test" time="43.482" errors="0" timestamp="2023-07-09T19:40:20 IST">
  <testcase classname="com.cognizant.hackathon.test.JustDialGymPageTest" name="@BeforeTest OpenJustDialWebPage" time="0.0">
    <failure type="java.util.NoSuchElementException" message="No line found">
      <![CDATA[java.util.NoSuchElementException: No line found
at java.base/java.util.Scanner.nextLine(Scanner.java:1656)
at com.cognizant.hackathon.driver.DriverSetUp.chooseDriver(DriverSetUp.java:27)
at com.cognizant.hackathon.test.JustDialGymPageTest.OpenJustDialWebPage(JustDialGymPageTest.java:33)
... Removed 22 stack frames]]>
    </failure>
  </testcase> <!-- @BeforeTest OpenJustDialWebPage -->
  <testcase classname="com.cognizant.hackathon.test.JustDialHomePageTest" name="@BeforeTest OpenJustDialWebPage" time="0.0">
    <skipped/>
  </testcase> <!-- @BeforeTest OpenJustDialWebPage -->
  <testcase classname="com.cognizant.hackathon.test.JustDialGymPageTest" name="@AfterMethod takeFailedScreenshots" time="0.0">
    <skipped/>
  </testcase> <!-- @AfterMethod takeFailedScreenshots -->
  <testcase classname="com.cognizant.hackathon.test.JustDialGymPageTest" name="@AfterMethod takeFailedScreenshots" time="0.0">
    <skipped/>
  </testcase> <!-- @AfterMethod takeFailedScreenshots -->
  <testcase classname="com.cognizant.hackathon.test.JustDialGymPageTest" name="@AfterMethod takeFailedScreenshots" time="0.0">
    <skipped/>
  </testcase> <!-- @AfterMethod takeFailedScreenshots -->
  <testcase classname="com.cognizant.hackathon.test.FreeListingPageTest" name="@AfterMethod takeFailedScreenshots" time="0.0">
    <skipped/>
  </testcase> <!-- @AfterMethod takeFailedScreenshots -->
  <testcase classname="com.cognizant.hackathon.test.FreeListingPageTest" name="@AfterMethod takeFailedScreenshots" time="0.0">
    <skipped/>
  </testcase> <!-- @AfterMethod takeFailedScreenshots -->
  <testcase classname="com.cognizant.hackathon.test.FreeListingPageTest" name="@AfterMethod takeFailedScreenshots" time="0.0">
    <skipped/>
  </testcase> <!-- @AfterMethod takeFailedScreenshots -->
  <testcase classname="com.cognizant.hackathon.test.JustDialHomePageTest" name="@AfterMethod takeFailedScreenshots" time="0.0">
    <skipped/>
  </testcase> <!-- @AfterMethod takeFailedScreenshots -->
  <testcase classname="com.cognizant.hackathon.test.JustDialHomePageTest" name="@AfterMethod takeFailedScreenshots" time="0.0">
    <skipped/>
  </testcase> <!-- @AfterMethod takeFailedScreenshots -->
  <testcase classname="com.cognizant.hackathon.test.JustDialHomePageTest" name="@AfterMethod takeFailedScreenshots" time="0.0">
    <skipped/>
  </testcase> <!-- @AfterMethod takeFailedScreenshots -->
  <testcase classname="com.cognizant.hackathon.test.JustDialHomePageTest" name="@AfterMethod takeFailedScreenshots" time="0.0">
    <skipped/>
  </testcase> <!-- @AfterMethod takeFailedScreenshots -->
  <testcase classname="com.cognizant.hackathon.test.JustDialHomePageTest" name="@AfterMethod takeFailedScreenshots" time="0.0">
    <skipped/>
  </testcase> <!-- @AfterMethod takeFailedScreenshots -->
  <testcase classname="com.cognizant.hackathon.test.JustDialHomePageTest" name="@AfterMethod takeFailedScreenshots" time="0.0">
    <skipped/>
  </testcase> <!-- @AfterMethod takeFailedScreenshots -->
  <testcase classname="com.cognizant.hackathon.test.FreeListingPageTest" name="@AfterTest CloseJustDialWebPage" time="0.0">
    <skipped/>
  </testcase> <!-- @AfterTest CloseJustDialWebPage -->
  <testcase classname="com.cognizant.hackathon.test.JustDialGymPageTest" name="@AfterTest CloseJustDialWebPage" time="0.0">
    <skipped/>
  </testcase> <!-- @AfterTest CloseJustDialWebPage -->
  <testcase classname="com.cognizant.hackathon.test.JustDialHomePageTest" name="@AfterTest CloseJustDialWebPage" time="0.0">
    <skipped/>
  </testcase> <!-- @AfterTest CloseJustDialWebPage -->
  <testcase classname="com.cognizant.hackathon.test.JustDialGymPageTest" name="CloseLoginPopUp" time="0.0">
    <skipped/>
  </testcase> <!-- CloseLoginPopUp -->
  <testcase classname="com.cognizant.hackathon.test.JustDialGymPageTest" name="SelectingGymOptionInMainPage" time="0.0">
    <skipped/>
  </testcase> <!-- SelectingGymOptionInMainPage -->
  <testcase classname="com.cognizant.hackathon.test.JustDialGymPageTest" name="GettingTheSubMenuItemsListOfGym" time="0.0">
    <skipped/>
  </testcase> <!-- GettingTheSubMenuItemsListOfGym -->
  <testcase classname="com.cognizant.hackathon.test.FreeListingPageTest" name="CloseLoginPopUp" time="0.0">
    <skipped/>
  </testcase> <!-- CloseLoginPopUp -->
  <testcase classname="com.cognizant.hackathon.test.FreeListingPageTest" name="NavigatingToFreeListingPage" time="0.0">
    <skipped/>
  </testcase> <!-- NavigatingToFreeListingPage -->
  <testcase classname="com.cognizant.hackathon.test.FreeListingPageTest" name="FillingFreeListingFormWithPhoneNumberFieldInvalid" time="0.0">
    <skipped/>
  </testcase> <!-- FillingFreeListingFormWithPhoneNumberFieldInvalid -->
  <testcase classname="com.cognizant.hackathon.test.JustDialHomePageTest" name="CloseLoginPopUp" time="0.0">
    <skipped/>
  </testcase> <!-- CloseLoginPopUp -->
  <testcase classname="com.cognizant.hackathon.test.JustDialHomePageTest" name="SettingSearchLocationAsKolkata" time="0.0">
    <skipped/>
  </testcase> <!-- SettingSearchLocationAsKolkata -->
  <testcase classname="com.cognizant.hackathon.test.JustDialHomePageTest" name="SearchingForCarWashingServices" time="0.0">
    <skipped/>
  </testcase> <!-- SearchingForCarWashingServices -->
  <testcase classname="com.cognizant.hackathon.test.JustDialHomePageTest" name="SortingSearchResultByRatingDescending" time="0.0">
    <skipped/>
  </testcase> <!-- SortingSearchResultByRatingDescending -->
  <testcase classname="com.cognizant.hackathon.test.JustDialHomePageTest" name="PrintingNamesAndPhoneNumbersOfTopFiveResult" time="0.0">
    <skipped/>
  </testcase> <!-- PrintingNamesAndPhoneNumbersOfTopFiveResult -->
  <testcase classname="com.cognizant.hackathon.test.JustDialHomePageTest" name="NavigateBackToHomePage" time="0.0">
    <skipped/>
  </testcase> <!-- NavigateBackToHomePage -->
</testsuite> <!-- Test -->
