<?xml version="1.0" encoding="UTF-8"?>
<testng-results ignored="0" total="12" passed="12" failed="0" skipped="0">
  <reporter-output>
  </reporter-output>
  <suite started-at="2023-07-22T12:06:14 IST" name="Hackathon Test Suite" finished-at="2023-07-22T12:10:12 IST" duration-ms="237721">
    <groups>
    </groups>
    <test started-at="2023-07-22T12:06:14 IST" name="GymPageTest" finished-at="2023-07-22T12:07:13 IST" duration-ms="58910">
      <class name="com.cognizant.hackathon.test.JustDialGymPageTest">
        <test-method is-config="true" signature="OpenJustDialWebPage()[pri:0, instance:com.cognizant.hackathon.test.JustDialGymPageTest@175c2241]" started-at="2023-07-22T12:06:14 IST" name="OpenJustDialWebPage" finished-at="2023-07-22T12:06:53 IST" duration-ms="38992" status="PASS">
          <reporter-output>
          </reporter-output>
        </test-method> <!-- OpenJustDialWebPage -->
        <test-method signature="CloseLoginPopUp()[pri:1, instance:com.cognizant.hackathon.test.JustDialGymPageTest@175c2241]" started-at="2023-07-22T12:06:53 IST" name="CloseLoginPopUp" finished-at="2023-07-22T12:07:04 IST" duration-ms="10288" status="PASS">
          <reporter-output>
          </reporter-output>
        </test-method> <!-- CloseLoginPopUp -->
        <test-method is-config="true" signature="takeFailedScreenshots(org.testng.ITestResult)[pri:0, instance:com.cognizant.hackathon.test.JustDialGymPageTest@175c2241]" started-at="2023-07-22T12:07:04 IST" name="takeFailedScreenshots" finished-at="2023-07-22T12:07:05 IST" duration-ms="1281" status="PASS">
          <params>
            <param index="0">
              <value>
                <![CDATA[[TestResult name=CloseLoginPopUp status=SUCCESS method=JustDialGymPageTest.CloseLoginPopUp()[pri:1, instance:com.cognizant.hackathon.test.JustDialGymPageTest@175c2241] output={null}]]]>
              </value>
            </param>
          </params>
          <reporter-output>
          </reporter-output>
        </test-method> <!-- takeFailedScreenshots -->
        <test-method signature="SelectingGymOptionInMainPage()[pri:2, instance:com.cognizant.hackathon.test.JustDialGymPageTest@175c2241]" started-at="2023-07-22T12:07:05 IST" name="SelectingGymOptionInMainPage" finished-at="2023-07-22T12:07:05 IST" duration-ms="227" status="PASS">
          <reporter-output>
          </reporter-output>
        </test-method> <!-- SelectingGymOptionInMainPage -->
        <test-method is-config="true" signature="takeFailedScreenshots(org.testng.ITestResult)[pri:0, instance:com.cognizant.hackathon.test.JustDialGymPageTest@175c2241]" started-at="2023-07-22T12:07:05 IST" name="takeFailedScreenshots" finished-at="2023-07-22T12:07:06 IST" duration-ms="670" status="PASS">
          <params>
            <param index="0">
              <value>
                <![CDATA[[TestResult name=SelectingGymOptionInMainPage status=SUCCESS method=JustDialGymPageTest.SelectingGymOptionInMainPage()[pri:2, instance:com.cognizant.hackathon.test.JustDialGymPageTest@175c2241] output={null}]]]>
              </value>
            </param>
          </params>
          <reporter-output>
          </reporter-output>
        </test-method> <!-- takeFailedScreenshots -->
        <test-method signature="GettingTheSubMenuItemsListOfGym()[pri:3, instance:com.cognizant.hackathon.test.JustDialGymPageTest@175c2241]" started-at="2023-07-22T12:07:06 IST" name="GettingTheSubMenuItemsListOfGym" finished-at="2023-07-22T12:07:07 IST" duration-ms="866" status="PASS">
          <reporter-output>
          </reporter-output>
        </test-method> <!-- GettingTheSubMenuItemsListOfGym -->
        <test-method is-config="true" signature="takeFailedScreenshots(org.testng.ITestResult)[pri:0, instance:com.cognizant.hackathon.test.JustDialGymPageTest@175c2241]" started-at="2023-07-22T12:07:07 IST" name="takeFailedScreenshots" finished-at="2023-07-22T12:07:07 IST" duration-ms="346" status="PASS">
          <params>
            <param index="0">
              <value>
                <![CDATA[[TestResult name=GettingTheSubMenuItemsListOfGym status=SUCCESS method=JustDialGymPageTest.GettingTheSubMenuItemsListOfGym()[pri:3, instance:com.cognizant.hackathon.test.JustDialGymPageTest@175c2241] output={null}]]]>
              </value>
            </param>
          </params>
          <reporter-output>
          </reporter-output>
        </test-method> <!-- takeFailedScreenshots -->
        <test-method is-config="true" signature="CloseJustDialWebPage()[pri:0, instance:com.cognizant.hackathon.test.JustDialGymPageTest@175c2241]" started-at="2023-07-22T12:07:07 IST" name="CloseJustDialWebPage" finished-at="2023-07-22T12:07:13 IST" duration-ms="6182" status="PASS">
          <reporter-output>
          </reporter-output>
        </test-method> <!-- CloseJustDialWebPage -->
      </class> <!-- com.cognizant.hackathon.test.JustDialGymPageTest -->
    </test> <!-- GymPageTest -->
    <test started-at="2023-07-22T12:07:13 IST" name="FreeListingPageTest" finished-at="2023-07-22T12:08:22 IST" duration-ms="68649">
      <class name="com.cognizant.hackathon.test.FreeListingPageTest">
        <test-method is-config="true" signature="OpenJustDialWebPage()[pri:0, instance:com.cognizant.hackathon.test.FreeListingPageTest@3bf7ca37]" started-at="2023-07-22T12:07:13 IST" name="OpenJustDialWebPage" finished-at="2023-07-22T12:07:37 IST" duration-ms="23666" status="PASS">
          <reporter-output>
          </reporter-output>
        </test-method> <!-- OpenJustDialWebPage -->
        <test-method signature="CloseLoginPopUp()[pri:1, instance:com.cognizant.hackathon.test.FreeListingPageTest@3bf7ca37]" started-at="2023-07-22T12:07:37 IST" name="CloseLoginPopUp" finished-at="2023-07-22T12:07:42 IST" duration-ms="5165" status="PASS">
          <reporter-output>
          </reporter-output>
        </test-method> <!-- CloseLoginPopUp -->
        <test-method is-config="true" signature="takeFailedScreenshots(org.testng.ITestResult)[pri:0, instance:com.cognizant.hackathon.test.FreeListingPageTest@3bf7ca37]" started-at="2023-07-22T12:07:42 IST" name="takeFailedScreenshots" finished-at="2023-07-22T12:07:42 IST" duration-ms="351" status="PASS">
          <params>
            <param index="0">
              <value>
                <![CDATA[[TestResult name=CloseLoginPopUp status=SUCCESS method=FreeListingPageTest.CloseLoginPopUp()[pri:1, instance:com.cognizant.hackathon.test.FreeListingPageTest@3bf7ca37] output={null}]]]>
              </value>
            </param>
          </params>
          <reporter-output>
          </reporter-output>
        </test-method> <!-- takeFailedScreenshots -->
        <test-method signature="NavigatingToFreeListingPage()[pri:2, instance:com.cognizant.hackathon.test.FreeListingPageTest@3bf7ca37]" started-at="2023-07-22T12:07:42 IST" name="NavigatingToFreeListingPage" finished-at="2023-07-22T12:07:44 IST" duration-ms="1763" status="PASS">
          <reporter-output>
          </reporter-output>
        </test-method> <!-- NavigatingToFreeListingPage -->
        <test-method is-config="true" signature="takeFailedScreenshots(org.testng.ITestResult)[pri:0, instance:com.cognizant.hackathon.test.FreeListingPageTest@3bf7ca37]" started-at="2023-07-22T12:07:44 IST" name="takeFailedScreenshots" finished-at="2023-07-22T12:07:44 IST" duration-ms="174" status="PASS">
          <params>
            <param index="0">
              <value>
                <![CDATA[[TestResult name=NavigatingToFreeListingPage status=SUCCESS method=FreeListingPageTest.NavigatingToFreeListingPage()[pri:2, instance:com.cognizant.hackathon.test.FreeListingPageTest@3bf7ca37] output={null}]]]>
              </value>
            </param>
          </params>
          <reporter-output>
          </reporter-output>
        </test-method> <!-- takeFailedScreenshots -->
        <test-method signature="FillingFreeListingFormWithPhoneNumberFieldInvalid()[pri:3, instance:com.cognizant.hackathon.test.FreeListingPageTest@3bf7ca37]" started-at="2023-07-22T12:07:44 IST" name="FillingFreeListingFormWithPhoneNumberFieldInvalid" finished-at="2023-07-22T12:08:04 IST" duration-ms="20113" status="PASS">
          <reporter-output>
          </reporter-output>
        </test-method> <!-- FillingFreeListingFormWithPhoneNumberFieldInvalid -->
        <test-method is-config="true" signature="takeFailedScreenshots(org.testng.ITestResult)[pri:0, instance:com.cognizant.hackathon.test.FreeListingPageTest@3bf7ca37]" started-at="2023-07-22T12:08:04 IST" name="takeFailedScreenshots" finished-at="2023-07-22T12:08:22 IST" duration-ms="17407" status="FAIL">
          <params>
            <param index="0">
              <value>
                <![CDATA[[TestResult name=FillingFreeListingFormWithPhoneNumberFieldInvalid status=SUCCESS method=FreeListingPageTest.FillingFreeListingFormWithPhoneNumberFieldInvalid()[pri:3, instance:com.cognizant.hackathon.test.FreeListingPageTest@3bf7ca37] output={null}]]]>
              </value>
            </param>
          </params>
          <exception class="java.lang.RuntimeException">
            <message>
              <![CDATA[Unexpected result for screenshot command: null]]>
            </message>
            <full-stacktrace>
              <![CDATA[java.lang.RuntimeException: Unexpected result for screenshot command: null
at org.openqa.selenium.remote.RemoteWebDriver.getScreenshotAs(RemoteWebDriver.java:326)
at com.cognizant.hackathon.util.ScreenshotUtil.takeScreenshot(ScreenshotUtil.java:19)
at com.cognizant.hackathon.test.FreeListingPageTest.takeFailedScreenshots(FreeListingPageTest.java:86)
at java.base/jdk.internal.reflect.DirectMethodHandleAccessor.invoke(DirectMethodHandleAccessor.java:104)
at java.base/java.lang.reflect.Method.invoke(Method.java:577)
at org.testng.internal.invokers.MethodInvocationHelper.invokeMethod(MethodInvocationHelper.java:139)
at org.testng.internal.invokers.MethodInvocationHelper.invokeMethodConsideringTimeout(MethodInvocationHelper.java:69)
at org.testng.internal.invokers.ConfigInvoker.invokeConfigurationMethod(ConfigInvoker.java:390)
at org.testng.internal.invokers.ConfigInvoker.invokeConfigurations(ConfigInvoker.java:325)
at org.testng.internal.invokers.TestInvoker.runConfigMethods(TestInvoker.java:810)
at org.testng.internal.invokers.TestInvoker.runAfterConfigurations(TestInvoker.java:779)
at org.testng.internal.invokers.TestInvoker.invokeMethod(TestInvoker.java:755)
at org.testng.internal.invokers.TestInvoker.invokeTestMethod(TestInvoker.java:227)
at org.testng.internal.invokers.MethodRunner.runInSequence(MethodRunner.java:50)
at org.testng.internal.invokers.TestInvoker$MethodInvocationAgent.invoke(TestInvoker.java:957)
at org.testng.internal.invokers.TestInvoker.invokeTestMethods(TestInvoker.java:200)
at org.testng.internal.invokers.TestMethodWorker.invokeTestMethods(TestMethodWorker.java:148)
at org.testng.internal.invokers.TestMethodWorker.run(TestMethodWorker.java:128)
at java.base/java.util.ArrayList.forEach(ArrayList.java:1511)
at org.testng.TestRunner.privateRun(TestRunner.java:848)
at org.testng.TestRunner.run(TestRunner.java:621)
at org.testng.SuiteRunner.runTest(SuiteRunner.java:443)
at org.testng.SuiteRunner.runSequentially(SuiteRunner.java:437)
at org.testng.SuiteRunner.privateRun(SuiteRunner.java:397)
at org.testng.SuiteRunner.run(SuiteRunner.java:336)
at org.testng.SuiteRunnerWorker.runSuite(SuiteRunnerWorker.java:52)
at org.testng.SuiteRunnerWorker.run(SuiteRunnerWorker.java:95)
at org.testng.TestNG.runSuitesSequentially(TestNG.java:1280)
at org.testng.TestNG.runSuitesLocally(TestNG.java:1200)
at org.testng.TestNG.runSuites(TestNG.java:1114)
at org.testng.TestNG.run(TestNG.java:1082)
at org.testng.remote.AbstractRemoteTestNG.run(AbstractRemoteTestNG.java:115)
at org.testng.remote.RemoteTestNG.initAndRun(RemoteTestNG.java:251)
at org.testng.remote.RemoteTestNG.main(RemoteTestNG.java:77)
]]>
            </full-stacktrace>
          </exception> <!-- java.lang.RuntimeException -->
          <reporter-output>
          </reporter-output>
        </test-method> <!-- takeFailedScreenshots -->
        <test-method is-config="true" signature="CloseJustDialWebPage()[pri:0, instance:com.cognizant.hackathon.test.FreeListingPageTest@3bf7ca37]" started-at="2023-07-22T12:08:22 IST" name="CloseJustDialWebPage" finished-at="2023-07-22T12:08:22 IST" duration-ms="0" status="SKIP">
          <reporter-output>
          </reporter-output>
        </test-method> <!-- CloseJustDialWebPage -->
      </class> <!-- com.cognizant.hackathon.test.FreeListingPageTest -->
    </test> <!-- FreeListingPageTest -->
    <test started-at="2023-07-22T12:08:22 IST" name="HomePageCarWashServicesTest" finished-at="2023-07-22T12:10:12 IST" duration-ms="110023">
      <class name="com.cognizant.hackathon.test.JustDialHomePageTest">
        <test-method is-config="true" signature="OpenJustDialWebPage()[pri:0, instance:com.cognizant.hackathon.test.JustDialHomePageTest@40005471]" started-at="2023-07-22T12:08:22 IST" name="OpenJustDialWebPage" finished-at="2023-07-22T12:08:56 IST" duration-ms="34053" status="PASS">
          <reporter-output>
          </reporter-output>
        </test-method> <!-- OpenJustDialWebPage -->
        <test-method signature="CloseLoginPopUp()[pri:1, instance:com.cognizant.hackathon.test.JustDialHomePageTest@40005471]" started-at="2023-07-22T12:08:56 IST" name="CloseLoginPopUp" finished-at="2023-07-22T12:09:16 IST" duration-ms="20530" status="PASS">
          <reporter-output>
          </reporter-output>
        </test-method> <!-- CloseLoginPopUp -->
        <test-method is-config="true" signature="takeFailedScreenshots(org.testng.ITestResult)[pri:0, instance:com.cognizant.hackathon.test.JustDialHomePageTest@40005471]" started-at="2023-07-22T12:09:16 IST" name="takeFailedScreenshots" finished-at="2023-07-22T12:09:17 IST" duration-ms="342" status="PASS">
          <params>
            <param index="0">
              <value>
                <![CDATA[[TestResult name=CloseLoginPopUp status=SUCCESS method=JustDialHomePageTest.CloseLoginPopUp()[pri:1, instance:com.cognizant.hackathon.test.JustDialHomePageTest@40005471] output={null}]]]>
              </value>
            </param>
          </params>
          <reporter-output>
          </reporter-output>
        </test-method> <!-- takeFailedScreenshots -->
        <test-method signature="SettingSearchLocationAsKolkata()[pri:2, instance:com.cognizant.hackathon.test.JustDialHomePageTest@40005471]" started-at="2023-07-22T12:09:17 IST" name="SettingSearchLocationAsKolkata" finished-at="2023-07-22T12:09:19 IST" duration-ms="2387" status="PASS">
          <reporter-output>
          </reporter-output>
        </test-method> <!-- SettingSearchLocationAsKolkata -->
        <test-method is-config="true" signature="takeFailedScreenshots(org.testng.ITestResult)[pri:0, instance:com.cognizant.hackathon.test.JustDialHomePageTest@40005471]" started-at="2023-07-22T12:09:19 IST" name="takeFailedScreenshots" finished-at="2023-07-22T12:09:20 IST" duration-ms="967" status="PASS">
          <params>
            <param index="0">
              <value>
                <![CDATA[[TestResult name=SettingSearchLocationAsKolkata status=SUCCESS method=JustDialHomePageTest.SettingSearchLocationAsKolkata()[pri:2, instance:com.cognizant.hackathon.test.JustDialHomePageTest@40005471] output={null}]]]>
              </value>
            </param>
          </params>
          <reporter-output>
          </reporter-output>
        </test-method> <!-- takeFailedScreenshots -->
        <test-method signature="SearchingForCarWashingServices()[pri:3, instance:com.cognizant.hackathon.test.JustDialHomePageTest@40005471]" started-at="2023-07-22T12:09:20 IST" name="SearchingForCarWashingServices" finished-at="2023-07-22T12:09:20 IST" duration-ms="270" status="PASS">
          <reporter-output>
          </reporter-output>
        </test-method> <!-- SearchingForCarWashingServices -->
        <test-method is-config="true" signature="takeFailedScreenshots(org.testng.ITestResult)[pri:0, instance:com.cognizant.hackathon.test.JustDialHomePageTest@40005471]" started-at="2023-07-22T12:09:20 IST" name="takeFailedScreenshots" finished-at="2023-07-22T12:09:21 IST" duration-ms="740" status="PASS">
          <params>
            <param index="0">
              <value>
                <![CDATA[[TestResult name=SearchingForCarWashingServices status=SUCCESS method=JustDialHomePageTest.SearchingForCarWashingServices()[pri:3, instance:com.cognizant.hackathon.test.JustDialHomePageTest@40005471] output={null}]]]>
              </value>
            </param>
          </params>
          <reporter-output>
          </reporter-output>
        </test-method> <!-- takeFailedScreenshots -->
        <test-method signature="SortingSearchResultByRatingDescending()[pri:4, instance:com.cognizant.hackathon.test.JustDialHomePageTest@40005471]" started-at="2023-07-22T12:09:21 IST" name="SortingSearchResultByRatingDescending" finished-at="2023-07-22T12:09:31 IST" duration-ms="10251" status="PASS">
          <reporter-output>
          </reporter-output>
        </test-method> <!-- SortingSearchResultByRatingDescending -->
        <test-method is-config="true" signature="takeFailedScreenshots(org.testng.ITestResult)[pri:0, instance:com.cognizant.hackathon.test.JustDialHomePageTest@40005471]" started-at="2023-07-22T12:09:31 IST" name="takeFailedScreenshots" finished-at="2023-07-22T12:09:32 IST" duration-ms="492" status="PASS">
          <params>
            <param index="0">
              <value>
                <![CDATA[[TestResult name=SortingSearchResultByRatingDescending status=SUCCESS method=JustDialHomePageTest.SortingSearchResultByRatingDescending()[pri:4, instance:com.cognizant.hackathon.test.JustDialHomePageTest@40005471] output={null}]]]>
              </value>
            </param>
          </params>
          <reporter-output>
          </reporter-output>
        </test-method> <!-- takeFailedScreenshots -->
        <test-method signature="PrintingNamesAndPhoneNumbersOfTopFiveResult()[pri:5, instance:com.cognizant.hackathon.test.JustDialHomePageTest@40005471]" started-at="2023-07-22T12:09:32 IST" name="PrintingNamesAndPhoneNumbersOfTopFiveResult" finished-at="2023-07-22T12:09:59 IST" duration-ms="27512" status="PASS">
          <reporter-output>
          </reporter-output>
        </test-method> <!-- PrintingNamesAndPhoneNumbersOfTopFiveResult -->
        <test-method is-config="true" signature="takeFailedScreenshots(org.testng.ITestResult)[pri:0, instance:com.cognizant.hackathon.test.JustDialHomePageTest@40005471]" started-at="2023-07-22T12:09:59 IST" name="takeFailedScreenshots" finished-at="2023-07-22T12:10:00 IST" duration-ms="276" status="PASS">
          <params>
            <param index="0">
              <value>
                <![CDATA[[TestResult name=PrintingNamesAndPhoneNumbersOfTopFiveResult status=SUCCESS method=JustDialHomePageTest.PrintingNamesAndPhoneNumbersOfTopFiveResult()[pri:5, instance:com.cognizant.hackathon.test.JustDialHomePageTest@40005471] output={null}]]]>
              </value>
            </param>
          </params>
          <reporter-output>
          </reporter-output>
        </test-method> <!-- takeFailedScreenshots -->
        <test-method signature="NavigateBackToHomePage()[pri:6, instance:com.cognizant.hackathon.test.JustDialHomePageTest@40005471]" started-at="2023-07-22T12:10:00 IST" name="NavigateBackToHomePage" finished-at="2023-07-22T12:10:06 IST" duration-ms="6198" status="PASS">
          <reporter-output>
          </reporter-output>
        </test-method> <!-- NavigateBackToHomePage -->
        <test-method is-config="true" signature="takeFailedScreenshots(org.testng.ITestResult)[pri:0, instance:com.cognizant.hackathon.test.JustDialHomePageTest@40005471]" started-at="2023-07-22T12:10:06 IST" name="takeFailedScreenshots" finished-at="2023-07-22T12:10:07 IST" duration-ms="665" status="PASS">
          <params>
            <param index="0">
              <value>
                <![CDATA[[TestResult name=NavigateBackToHomePage status=SUCCESS method=JustDialHomePageTest.NavigateBackToHomePage()[pri:6, instance:com.cognizant.hackathon.test.JustDialHomePageTest@40005471] output={null}]]]>
              </value>
            </param>
          </params>
          <reporter-output>
          </reporter-output>
        </test-method> <!-- takeFailedScreenshots -->
        <test-method is-config="true" signature="CloseJustDialWebPage()[pri:0, instance:com.cognizant.hackathon.test.JustDialHomePageTest@40005471]" started-at="2023-07-22T12:10:07 IST" name="CloseJustDialWebPage" finished-at="2023-07-22T12:10:12 IST" duration-ms="5324" status="PASS">
          <reporter-output>
          </reporter-output>
        </test-method> <!-- CloseJustDialWebPage -->
      </class> <!-- com.cognizant.hackathon.test.JustDialHomePageTest -->
    </test> <!-- HomePageCarWashServicesTest -->
  </suite> <!-- Hackathon Test Suite -->
</testng-results>
